Starting DynamoDB, listening on port 8001...
...done.
Initializing DynamoDB Local with the following configuration:
Port:	8001
InMemory:	false
DbPath:	null
SharedDb:	false
shouldDelayTransientStatuses:	false
CorsParams:	null

Starting DynamoDB, listening on port 8001...
tme520      3670    3669  0 21:27 pts/1    00:00:00 java -Djava.library.path=/home/tme520/Documents/GIT/protocol7/DynamoDBLocal_lib -jar /home/tme520/Documents/GIT/protocol7/DynamoDBLocal.jar -port 8001
...done.
Initializing DynamoDB Local with the following configuration:
Port:	8001
InMemory:	false
DbPath:	null
SharedDb:	false
shouldDelayTransientStatuses:	false
CorsParams:	null

Initializing DynamoDB Local with the following configuration:
Port:	8001
InMemory:	false
DbPath:	null
SharedDb:	false
shouldDelayTransientStatuses:	false
CorsParams:	null

